
Creation and Embedding of Graph
edge: (0, 1)
vertices: 0 and 1
distance: 1.3819660438962291
edge: (0, 4)
vertices: 0 and 4
distance: 1.3819659802959263
edge: (0, 2)
vertices: 0 and 2
distance: 3.6180340594070755
edge: (0, 3)
vertices: 0 and 3
distance: 3.6180340381032274
edge: (1, 2)
vertices: 1 and 2
distance: 1.38196605686737
edge: (1, 3)
vertices: 1 and 3
distance: 3.618034120851386
edge: (1, 4)
vertices: 1 and 4
distance: 3.6180340586801982
edge: (2, 3)
vertices: 2 and 3
distance: 1.3819660770503313
edge: (2, 4)
vertices: 2 and 4
distance: 3.618034107031191
edge: (3, 4)
vertices: 3 and 4
distance: 1.381966066329321

Identify Target Vertex and Remove it from the Embedding
(0, 2) - {(1, 3): (-0.11803400628562999, 0.36327126086163114), (1, 4): (0.30901699465368127, 0.22451399772209885)}
(0, 3) - {(1, 4): (0.3090170181729338, -0.22451397873625953), (2, 4): (-0.11803395968547936, -0.3632712758595657)}
(1, 3) - {(2, 4): (-0.3819660103592874, -1.4829806271876578e-08)}

{0: 4, 1: 4, 2: 4, 3: 4, 4: 4}
target vertex: 0
target vertex: 0
target adjacency: [1, 4, 2, 3]

Planarize Remaining Graph after target removal
fvirtual edge set:
frozenset({1, 2}) - set()
frozenset({1, 3}) - set()
frozenset({1, 4}) - set()
frozenset({2, 3}) - set()
frozenset({2, 4}) - set()
frozenset({3, 4}) - set()
edge_to_vitrual vertex:
(1, 2) - set()
(1, 3) - {5}
(1, 4) - set()
(2, 3) - set()
(2, 4) - {5}
(3, 4) - set()
virtual edge set:
frozenset({1, 2}) - set()
frozenset({1, 3}) - {frozenset({1, 5}), frozenset({3, 5})}
frozenset({1, 4}) - set()
frozenset({2, 3}) - set()
frozenset({2, 4}) - {frozenset({4, 5}), frozenset({2, 5})}
frozenset({3, 4}) - set()

Identify the Inner Faces
outer bounds: ((-1.426584817867224, -1.426584817867224), (-1.426584817867224, 1.426584817867224), (1.426584817867224, 1.426584817867224), (1.426584817867224, -1.426584817867224))
splitting edge (1, 2)
position A: [0.30901696 0.95105655]
position B: [-0.80901703  0.58778523]
splitting edge (1, 4)
position A: [0.30901696 0.95105655]
position B: [ 0.30901706 -0.95105651]
splitting edge (1, 5)
position A: [0.30901696 0.95105655]
position B: [-3.81966010e-01 -1.48298063e-08]
splitting edge (2, 3)
position A: [-0.80901703  0.58778523]
position B: [-0.80901698 -0.58778531]
splitting edge (2, 5)
position A: [-0.80901703  0.58778523]
position B: [-3.81966010e-01 -1.48298063e-08]
splitting edge (3, 4)
position A: [-0.80901698 -0.58778531]
position B: [ 0.30901706 -0.95105651]
splitting edge (3, 5)
position A: [-0.80901698 -0.58778531]
position B: [-3.81966010e-01 -1.48298063e-08]
splitting edge (4, 5)
position A: [ 0.30901706 -0.95105651]
position B: [-3.81966010e-01 -1.48298063e-08]
MIDPOINT POSITIONS
{1: array([0.30901696, 0.95105655]), 2: array([-0.80901703,  0.58778523]), 3: array([-0.80901698, -0.58778531]), 4: array([ 0.30901706, -0.95105651]), 5: array([-3.81966010e-01, -1.48298063e-08])}
length of positions: 13
graph edges: [(1, 6), (1, 7), (1, 8), (2, 6), (2, 9), (2, 10), (3, 9), (3, 11), (3, 12), (4, 7), (4, 11), (4, 13), (5, 8), (5, 10), (5, 12), (5, 13)]
frozenset({3, 4, 5, 11, 12, 13})
[frozenset({1, 6}), frozenset({1, 7}), frozenset({8, 1}), frozenset({2, 6}), frozenset({9, 2}), frozenset({2, 10}), frozenset({9, 3}), frozenset({11, 3}), frozenset({3, 12}), frozenset({4, 7}), frozenset({11, 4}), frozenset({4, 13}), frozenset({8, 5}), frozenset({10, 5}), frozenset({12, 5}), frozenset({13, 5})]
cycle frozenset({3, 4, 5, 11, 12, 13})'s edges: [frozenset({11, 3}), frozenset({3, 12}), frozenset({11, 4}), frozenset({4, 13}), frozenset({12, 5}), frozenset({13, 5})]
edges: [(11, 3), (3, 12), (11, 4), (4, 13), (12, 5), (13, 5)]
frozenset({1, 2, 5, 6, 8, 10})
[frozenset({1, 6}), frozenset({1, 7}), frozenset({8, 1}), frozenset({2, 6}), frozenset({9, 2}), frozenset({2, 10}), frozenset({9, 3}), frozenset({11, 3}), frozenset({3, 12}), frozenset({4, 7}), frozenset({11, 4}), frozenset({4, 13}), frozenset({8, 5}), frozenset({10, 5}), frozenset({12, 5}), frozenset({13, 5})]
cycle frozenset({1, 2, 5, 6, 8, 10})'s edges: [frozenset({1, 6}), frozenset({8, 1}), frozenset({2, 6}), frozenset({2, 10}), frozenset({8, 5}), frozenset({10, 5})]
edges: [(1, 6), (8, 1), (2, 6), (2, 10), (8, 5), (10, 5)]
frozenset({2, 3, 5, 9, 10, 12})
[frozenset({1, 6}), frozenset({1, 7}), frozenset({8, 1}), frozenset({2, 6}), frozenset({9, 2}), frozenset({2, 10}), frozenset({9, 3}), frozenset({11, 3}), frozenset({3, 12}), frozenset({4, 7}), frozenset({11, 4}), frozenset({4, 13}), frozenset({8, 5}), frozenset({10, 5}), frozenset({12, 5}), frozenset({13, 5})]
cycle frozenset({2, 3, 5, 9, 10, 12})'s edges: [frozenset({9, 2}), frozenset({2, 10}), frozenset({9, 3}), frozenset({3, 12}), frozenset({10, 5}), frozenset({12, 5})]
edges: [(9, 2), (2, 10), (9, 3), (3, 12), (10, 5), (12, 5)]
frozenset({1, 4, 5, 7, 8, 13})
[frozenset({1, 6}), frozenset({1, 7}), frozenset({8, 1}), frozenset({2, 6}), frozenset({9, 2}), frozenset({2, 10}), frozenset({9, 3}), frozenset({11, 3}), frozenset({3, 12}), frozenset({4, 7}), frozenset({11, 4}), frozenset({4, 13}), frozenset({8, 5}), frozenset({10, 5}), frozenset({12, 5}), frozenset({13, 5})]
cycle frozenset({1, 4, 5, 7, 8, 13})'s edges: [frozenset({1, 7}), frozenset({8, 1}), frozenset({4, 7}), frozenset({4, 13}), frozenset({8, 5}), frozenset({13, 5})]
edges: [(1, 7), (8, 1), (4, 7), (4, 13), (8, 5), (13, 5)]
sorted vertex sequence: [11, 3, 12, 5, 13, 4]
sorted vertex sequence: [1, 6, 2, 10, 5, 8]
sorted vertex sequence: [9, 2, 10, 5, 12, 3]
sorted vertex sequence: [1, 7, 4, 13, 5, 8]
ordered_edges: {frozenset({3, 4, 5, 11, 12, 13}): [(11, 3), (3, 12), (12, 5), (5, 13), (13, 4), (4, 11)], frozenset({1, 2, 5, 6, 8, 10}): [(1, 6), (6, 2), (2, 10), (10, 5), (5, 8), (8, 1)], frozenset({2, 3, 5, 9, 10, 12}): [(9, 2), (2, 10), (10, 5), (5, 12), (12, 3), (3, 9)], frozenset({1, 4, 5, 7, 8, 13}): [(1, 7), (7, 4), (4, 13), (13, 5), (5, 8), (8, 1)]}

cycle: frozenset({3, 4, 5, 11, 12, 13})
lenght of positions in function 0: 13
lenght of positions in function a: 13
ordered cycle closed in check: [11, 3, 12, 5, 13, 4, 11]
positions: {1: array([0.30901696, 0.95105655]), 2: array([-0.80901703,  0.58778523]), 3: array([-0.80901698, -0.58778531]), 4: array([ 0.30901706, -0.95105651]), 5: array([-3.81966010e-01, -1.48298063e-08]), 6: (-0.2500000391499012, 0.7694208860778542), 7: (0.309017006413307, 1.9758529701263683e-08), 8: (-0.03647452688027841, 0.47552826520750485), 9: (-0.8090170064133069, -3.937483383786855e-08), 10: (-0.5954915226289101, 0.293892606040543), 11: (-0.2499999608500987, -0.7694209056941583), 12: (-0.5954914941436841, -0.2938926602451831), 13: (-0.036474477065702005, -0.4755282602787814)}
ordered coordinates: [(-0.2499999608500987, -0.7694209056941583), array([-0.80901698, -0.58778531]), (-0.5954914941436841, -0.2938926602451831), array([-3.81966010e-01, -1.48298063e-08]), (-0.036474477065702005, -0.4755282602787814), array([ 0.30901706, -0.95105651]), (-0.2499999608500987, -0.7694209056941583)]
len(ordered coordinate): 7
lenght of positions in function b: 13
lenght of positions in function c: 13
remaining nodes: [1, 2, 6, 7, 8, 9, 10]
lenght of positions in function d: 13
nodes inside cycle: []
added face frozenset({3, 4, 5, 11, 12, 13}) to list

cycle: frozenset({1, 2, 5, 6, 8, 10})
lenght of positions in function 0: 13
lenght of positions in function a: 13
ordered cycle closed in check: [1, 6, 2, 10, 5, 8, 1]
positions: {1: array([0.30901696, 0.95105655]), 2: array([-0.80901703,  0.58778523]), 3: array([-0.80901698, -0.58778531]), 4: array([ 0.30901706, -0.95105651]), 5: array([-3.81966010e-01, -1.48298063e-08]), 6: (-0.2500000391499012, 0.7694208860778542), 7: (0.309017006413307, 1.9758529701263683e-08), 8: (-0.03647452688027841, 0.47552826520750485), 9: (-0.8090170064133069, -3.937483383786855e-08), 10: (-0.5954915226289101, 0.293892606040543), 11: (-0.2499999608500987, -0.7694209056941583), 12: (-0.5954914941436841, -0.2938926602451831), 13: (-0.036474477065702005, -0.4755282602787814)}
ordered coordinates: [array([0.30901696, 0.95105655]), (-0.2500000391499012, 0.7694208860778542), array([-0.80901703,  0.58778523]), (-0.5954915226289101, 0.293892606040543), array([-3.81966010e-01, -1.48298063e-08]), (-0.03647452688027841, 0.47552826520750485), array([0.30901696, 0.95105655])]
len(ordered coordinate): 7
lenght of positions in function b: 13
lenght of positions in function c: 13
remaining nodes: [3, 4, 7, 9, 11, 12, 13]
lenght of positions in function d: 13
nodes inside cycle: []
added face frozenset({1, 2, 5, 6, 8, 10}) to list

cycle: frozenset({2, 3, 5, 9, 10, 12})
lenght of positions in function 0: 13
lenght of positions in function a: 13
ordered cycle closed in check: [9, 2, 10, 5, 12, 3, 9]
positions: {1: array([0.30901696, 0.95105655]), 2: array([-0.80901703,  0.58778523]), 3: array([-0.80901698, -0.58778531]), 4: array([ 0.30901706, -0.95105651]), 5: array([-3.81966010e-01, -1.48298063e-08]), 6: (-0.2500000391499012, 0.7694208860778542), 7: (0.309017006413307, 1.9758529701263683e-08), 8: (-0.03647452688027841, 0.47552826520750485), 9: (-0.8090170064133069, -3.937483383786855e-08), 10: (-0.5954915226289101, 0.293892606040543), 11: (-0.2499999608500987, -0.7694209056941583), 12: (-0.5954914941436841, -0.2938926602451831), 13: (-0.036474477065702005, -0.4755282602787814)}
ordered coordinates: [(-0.8090170064133069, -3.937483383786855e-08), array([-0.80901703,  0.58778523]), (-0.5954915226289101, 0.293892606040543), array([-3.81966010e-01, -1.48298063e-08]), (-0.5954914941436841, -0.2938926602451831), array([-0.80901698, -0.58778531]), (-0.8090170064133069, -3.937483383786855e-08)]
len(ordered coordinate): 7
lenght of positions in function b: 13
lenght of positions in function c: 13
remaining nodes: [1, 4, 6, 7, 8, 11, 13]
lenght of positions in function d: 13
nodes inside cycle: []
added face frozenset({2, 3, 5, 9, 10, 12}) to list

cycle: frozenset({1, 4, 5, 7, 8, 13})
lenght of positions in function 0: 13
lenght of positions in function a: 13
ordered cycle closed in check: [1, 7, 4, 13, 5, 8, 1]
positions: {1: array([0.30901696, 0.95105655]), 2: array([-0.80901703,  0.58778523]), 3: array([-0.80901698, -0.58778531]), 4: array([ 0.30901706, -0.95105651]), 5: array([-3.81966010e-01, -1.48298063e-08]), 6: (-0.2500000391499012, 0.7694208860778542), 7: (0.309017006413307, 1.9758529701263683e-08), 8: (-0.03647452688027841, 0.47552826520750485), 9: (-0.8090170064133069, -3.937483383786855e-08), 10: (-0.5954915226289101, 0.293892606040543), 11: (-0.2499999608500987, -0.7694209056941583), 12: (-0.5954914941436841, -0.2938926602451831), 13: (-0.036474477065702005, -0.4755282602787814)}
ordered coordinates: [array([0.30901696, 0.95105655]), (0.309017006413307, 1.9758529701263683e-08), array([ 0.30901706, -0.95105651]), (-0.036474477065702005, -0.4755282602787814), array([-3.81966010e-01, -1.48298063e-08]), (-0.03647452688027841, 0.47552826520750485), array([0.30901696, 0.95105655])]
len(ordered coordinate): 7
lenght of positions in function b: 13
lenght of positions in function c: 13
remaining nodes: [2, 3, 6, 9, 10, 11, 12]
lenght of positions in function d: 13
nodes inside cycle: []
added face frozenset({1, 4, 5, 7, 8, 13}) to list
CYCLES:
frozenset({3, 4, 5, 11, 12, 13})
frozenset({2, 3, 5, 9, 10, 12})
frozenset({1, 4, 5, 7, 8, 13})
frozenset({1, 2, 5, 6, 8, 10})
frozenset({3, 4, 5, 11, 12, 13})
[frozenset({1, 6}), frozenset({1, 7}), frozenset({8, 1}), frozenset({2, 6}), frozenset({9, 2}), frozenset({2, 10}), frozenset({9, 3}), frozenset({11, 3}), frozenset({3, 12}), frozenset({4, 7}), frozenset({11, 4}), frozenset({4, 13}), frozenset({8, 5}), frozenset({10, 5}), frozenset({12, 5}), frozenset({13, 5})]
cycle frozenset({3, 4, 5, 11, 12, 13})'s edges: [frozenset({11, 3}), frozenset({3, 12}), frozenset({11, 4}), frozenset({4, 13}), frozenset({12, 5}), frozenset({13, 5})]
edges: [(11, 3), (3, 12), (11, 4), (4, 13), (12, 5), (13, 5)]
frozenset({2, 3, 5, 9, 10, 12})
[frozenset({1, 6}), frozenset({1, 7}), frozenset({8, 1}), frozenset({2, 6}), frozenset({9, 2}), frozenset({2, 10}), frozenset({9, 3}), frozenset({11, 3}), frozenset({3, 12}), frozenset({4, 7}), frozenset({11, 4}), frozenset({4, 13}), frozenset({8, 5}), frozenset({10, 5}), frozenset({12, 5}), frozenset({13, 5})]
cycle frozenset({2, 3, 5, 9, 10, 12})'s edges: [frozenset({9, 2}), frozenset({2, 10}), frozenset({9, 3}), frozenset({3, 12}), frozenset({10, 5}), frozenset({12, 5})]
edges: [(9, 2), (2, 10), (9, 3), (3, 12), (10, 5), (12, 5)]
frozenset({1, 4, 5, 7, 8, 13})
[frozenset({1, 6}), frozenset({1, 7}), frozenset({8, 1}), frozenset({2, 6}), frozenset({9, 2}), frozenset({2, 10}), frozenset({9, 3}), frozenset({11, 3}), frozenset({3, 12}), frozenset({4, 7}), frozenset({11, 4}), frozenset({4, 13}), frozenset({8, 5}), frozenset({10, 5}), frozenset({12, 5}), frozenset({13, 5})]
cycle frozenset({1, 4, 5, 7, 8, 13})'s edges: [frozenset({1, 7}), frozenset({8, 1}), frozenset({4, 7}), frozenset({4, 13}), frozenset({8, 5}), frozenset({13, 5})]
edges: [(1, 7), (8, 1), (4, 7), (4, 13), (8, 5), (13, 5)]
frozenset({1, 2, 5, 6, 8, 10})
[frozenset({1, 6}), frozenset({1, 7}), frozenset({8, 1}), frozenset({2, 6}), frozenset({9, 2}), frozenset({2, 10}), frozenset({9, 3}), frozenset({11, 3}), frozenset({3, 12}), frozenset({4, 7}), frozenset({11, 4}), frozenset({4, 13}), frozenset({8, 5}), frozenset({10, 5}), frozenset({12, 5}), frozenset({13, 5})]
cycle frozenset({1, 2, 5, 6, 8, 10})'s edges: [frozenset({1, 6}), frozenset({8, 1}), frozenset({2, 6}), frozenset({2, 10}), frozenset({8, 5}), frozenset({10, 5})]
edges: [(1, 6), (8, 1), (2, 6), (2, 10), (8, 5), (10, 5)]
sorted vertex sequence: [11, 3, 12, 5, 13, 4]
sorted vertex sequence: [9, 2, 10, 5, 12, 3]
sorted vertex sequence: [1, 7, 4, 13, 5, 8]
sorted vertex sequence: [1, 6, 2, 10, 5, 8]
EDGES:
frozenset({3, 4, 5, 11, 12, 13}) - [(11, 3), (3, 12), (12, 5), (5, 13), (13, 4), (4, 11)]
frozenset({2, 3, 5, 9, 10, 12}) - [(9, 2), (2, 10), (10, 5), (5, 12), (12, 3), (3, 9)]
frozenset({1, 4, 5, 7, 8, 13}) - [(1, 7), (7, 4), (4, 13), (13, 5), (5, 8), (8, 1)]
frozenset({1, 2, 5, 6, 8, 10}) - [(1, 6), (6, 2), (2, 10), (10, 5), (5, 8), (8, 1)]
NODES:
frozenset({3, 4, 5, 11, 12, 13}) - [11, 3, 12, 5, 13, 4]
frozenset({2, 3, 5, 9, 10, 12}) - [9, 2, 10, 5, 12, 3]
frozenset({1, 4, 5, 7, 8, 13}) - [1, 7, 4, 13, 5, 8]
frozenset({1, 2, 5, 6, 8, 10}) - [1, 6, 2, 10, 5, 8]
ordered cycle vertices: [11, 3, 12, 5, 13, 4]
ordered filtered nodes: [3, 5, 4]
ordered cycle vertices: [9, 2, 10, 5, 12, 3]
ordered filtered nodes: [2, 5, 3]
ordered cycle vertices: [1, 7, 4, 13, 5, 8]
ordered filtered nodes: [1, 4, 5]
ordered cycle vertices: [1, 6, 2, 10, 5, 8]
ordered filtered nodes: [1, 2, 5]
SORTED FACES:
[3, 5, 4]
[2, 5, 3]
[1, 4, 5]
[1, 2, 5]
FACES:
[3, 5, 4]
[2, 5, 3]
[1, 4, 5]
[1, 2, 5]
EDGES:
frozenset({3, 4, 5}) - [3, 5, 4]
frozenset({2, 3, 5}) - [2, 5, 3]
frozenset({1, 4, 5}) - [1, 4, 5]
frozenset({1, 2, 5}) - [1, 2, 5]
NODES:
frozenset({3, 4, 5}) - [(3, 5), (5, 4), (4, 3)]
frozenset({2, 3, 5}) - [(2, 5), (5, 3), (3, 2)]
frozenset({1, 4, 5}) - [(1, 4), (4, 5), (5, 1)]
frozenset({1, 2, 5}) - [(1, 2), (2, 5), (5, 1)]
frozenset({1, 2, 5})
frozenset({2, 3, 5})
frozenset({1, 4, 5})
frozenset({3, 4, 5})
face: frozenset({1, 2, 5})
face vertices: [1, 2, 5]
unit vector 1: [0.58778521 0.80901702]
unit vector 2: [-0.5877853   0.80901696]
dot product: 0.30901698852391263
angle: 1.2566370675880594
point a: [0.30901696 0.95105655]
point b: [-3.81966010e-01 -1.48298063e-08]
point c: [-0.80901703  0.58778523]
angle of b 72.00000035249178
unit vector 1: [-0.9510565  -0.30901704]
unit vector 2: [-0.58778521 -0.80901702]
dot product: 0.8090169912788898
angle: 0.6283185359852864
point a: [-0.80901703  0.58778523]
point b: [0.30901696 0.95105655]
point c: [-3.81966010e-01 -1.48298063e-08]
angle of b 36.00000030179565
unit vector 1: [ 0.5877853  -0.80901696]
unit vector 2: [0.9510565  0.30901704]
dot product: 0.30901700523550846
angle: 1.2566370500164477
point a: [-3.81966010e-01 -1.48298063e-08]
point b: [-0.80901703  0.58778523]
point c: [0.30901696 0.95105655]
angle of b 71.99999934571258
face: frozenset({2, 3, 5})
face vertices: [3, 5, 2]
unit vector 1: [ 4.846196e-08 -1.000000e+00]
unit vector 2: [ 0.5877853  -0.80901696]
dot product: 0.8090169907364277
angle: 0.6283185369081781
point a: [-0.80901698 -0.58778531]
point b: [-0.80901703  0.58778523]
point c: [-3.81966010e-01 -1.48298063e-08]
angle of b 36.000000354673446
unit vector 1: [0.58778521 0.80901702]
unit vector 2: [-4.846196e-08  1.000000e+00]
dot product: 0.8090169943973288
angle: 0.6283185306798812
point a: [-3.81966010e-01 -1.48298063e-08]
point b: [-0.80901698 -0.58778531]
point c: [-0.80901703  0.58778523]
angle of b 35.99999999781832
unit vector 1: [-0.5877853   0.80901696]
unit vector 2: [-0.58778521 -0.80901702]
dot product: -0.30901698852391263
angle: 1.884955586001734
point a: [-0.80901703  0.58778523]
point b: [-3.81966010e-01 -1.48298063e-08]
point c: [-0.80901698 -0.58778531]
angle of b 107.99999964750823
face: frozenset({1, 4, 5})
face vertices: [5, 4, 1]
unit vector 1: [-0.58778521 -0.80901702]
unit vector 2: [ 5.23781448e-08 -1.00000000e+00]
dot product: 0.809016992095453
angle: 0.6283185345960662
point a: [-3.81966010e-01 -1.48298063e-08]
point b: [0.30901696 0.95105655]
point c: [ 0.30901706 -0.95105651]
angle of b 36.0000002221992
unit vector 1: [ 0.5877853  -0.80901696]
unit vector 2: [0.58778521 0.80901702]
dot product: -0.3090169885239125
angle: 1.8849555860017337
point a: [ 0.30901706 -0.95105651]
point b: [-3.81966010e-01 -1.48298063e-08]
point c: [0.30901696 0.95105655]
angle of b 107.99999964750822
unit vector 1: [-5.23781448e-08  1.00000000e+00]
unit vector 2: [-0.5877853   0.80901696]
dot product: 0.8090169930383032
angle: 0.6283185329919936
point a: [0.30901696 0.95105655]
point b: [ 0.30901706 -0.95105651]
point c: [-3.81966010e-01 -1.48298063e-08]
angle of b 36.000000130292605
face: frozenset({3, 4, 5})
face vertices: [4, 5, 3]
unit vector 1: [ 0.95105654 -0.30901693]
unit vector 2: [0.58778521 0.80901702]
dot product: 0.3090170087934834
angle: 1.2566370462753713
point a: [ 0.30901706 -0.95105651]
point b: [-0.80901698 -0.58778531]
point c: [-3.81966010e-01 -1.48298063e-08]
angle of b 71.9999991313647
unit vector 1: [-0.5877853   0.80901696]
unit vector 2: [-0.95105654  0.30901693]
dot product: 0.8090169890799405
angle: 0.6283185397263625
point a: [-3.81966010e-01 -1.48298063e-08]
point b: [ 0.30901706 -0.95105651]
point c: [-0.80901698 -0.58778531]
angle of b 36.00000051614352
unit vector 1: [-0.58778521 -0.80901702]
unit vector 2: [ 0.5877853  -0.80901696]
dot product: 0.3090169885239125
angle: 1.2566370675880594
point a: [-0.80901698 -0.58778531]
point b: [-3.81966010e-01 -1.48298063e-08]
point c: [ 0.30901706 -0.95105651]
angle of b 72.00000035249178

FIND SIGHT CELLS OF INNER FACES
splitting edge (1, 2)
position A: [0.30901696 0.95105655]
position B: [-0.80901703  0.58778523]
splitting edge (1, 4)
position A: [0.30901696 0.95105655]
position B: [ 0.30901706 -0.95105651]
splitting edge (1, 5)
position A: [0.30901696 0.95105655]
position B: [-3.81966010e-01 -1.48298063e-08]
splitting edge (2, 3)
position A: [-0.80901703  0.58778523]
position B: [-0.80901698 -0.58778531]
splitting edge (2, 5)
position A: [-0.80901703  0.58778523]
position B: [-3.81966010e-01 -1.48298063e-08]
splitting edge (3, 4)
position A: [-0.80901698 -0.58778531]
position B: [ 0.30901706 -0.95105651]
splitting edge (3, 5)
position A: [-0.80901698 -0.58778531]
position B: [-3.81966010e-01 -1.48298063e-08]
splitting edge (4, 5)
position A: [ 0.30901706 -0.95105651]
position B: [-3.81966010e-01 -1.48298063e-08]
MIDPOINT POSITIONS
{1: array([0.30901696, 0.95105655]), 2: array([-0.80901703,  0.58778523]), 3: array([-0.80901698, -0.58778531]), 4: array([ 0.30901706, -0.95105651]), 5: array([-3.81966010e-01, -1.48298063e-08])}
length of positions: 13
graph edges: [(1, 6), (1, 7), (1, 8), (2, 6), (2, 9), (2, 10), (3, 9), (3, 11), (3, 12), (4, 7), (4, 11), (4, 13), (5, 8), (5, 10), (5, 12), (5, 13)]
frozenset({3, 4, 5, 11, 12, 13})
[frozenset({1, 6}), frozenset({1, 7}), frozenset({8, 1}), frozenset({2, 6}), frozenset({9, 2}), frozenset({2, 10}), frozenset({9, 3}), frozenset({11, 3}), frozenset({3, 12}), frozenset({4, 7}), frozenset({11, 4}), frozenset({4, 13}), frozenset({8, 5}), frozenset({10, 5}), frozenset({12, 5}), frozenset({13, 5})]
cycle frozenset({3, 4, 5, 11, 12, 13})'s edges: [frozenset({11, 3}), frozenset({3, 12}), frozenset({11, 4}), frozenset({4, 13}), frozenset({12, 5}), frozenset({13, 5})]
edges: [(11, 3), (3, 12), (11, 4), (4, 13), (12, 5), (13, 5)]
frozenset({1, 2, 5, 6, 8, 10})
[frozenset({1, 6}), frozenset({1, 7}), frozenset({8, 1}), frozenset({2, 6}), frozenset({9, 2}), frozenset({2, 10}), frozenset({9, 3}), frozenset({11, 3}), frozenset({3, 12}), frozenset({4, 7}), frozenset({11, 4}), frozenset({4, 13}), frozenset({8, 5}), frozenset({10, 5}), frozenset({12, 5}), frozenset({13, 5})]
cycle frozenset({1, 2, 5, 6, 8, 10})'s edges: [frozenset({1, 6}), frozenset({8, 1}), frozenset({2, 6}), frozenset({2, 10}), frozenset({8, 5}), frozenset({10, 5})]
edges: [(1, 6), (8, 1), (2, 6), (2, 10), (8, 5), (10, 5)]
frozenset({2, 3, 5, 9, 10, 12})
[frozenset({1, 6}), frozenset({1, 7}), frozenset({8, 1}), frozenset({2, 6}), frozenset({9, 2}), frozenset({2, 10}), frozenset({9, 3}), frozenset({11, 3}), frozenset({3, 12}), frozenset({4, 7}), frozenset({11, 4}), frozenset({4, 13}), frozenset({8, 5}), frozenset({10, 5}), frozenset({12, 5}), frozenset({13, 5})]
cycle frozenset({2, 3, 5, 9, 10, 12})'s edges: [frozenset({9, 2}), frozenset({2, 10}), frozenset({9, 3}), frozenset({3, 12}), frozenset({10, 5}), frozenset({12, 5})]
edges: [(9, 2), (2, 10), (9, 3), (3, 12), (10, 5), (12, 5)]
frozenset({1, 4, 5, 7, 8, 13})
[frozenset({1, 6}), frozenset({1, 7}), frozenset({8, 1}), frozenset({2, 6}), frozenset({9, 2}), frozenset({2, 10}), frozenset({9, 3}), frozenset({11, 3}), frozenset({3, 12}), frozenset({4, 7}), frozenset({11, 4}), frozenset({4, 13}), frozenset({8, 5}), frozenset({10, 5}), frozenset({12, 5}), frozenset({13, 5})]
cycle frozenset({1, 4, 5, 7, 8, 13})'s edges: [frozenset({1, 7}), frozenset({8, 1}), frozenset({4, 7}), frozenset({4, 13}), frozenset({8, 5}), frozenset({13, 5})]
edges: [(1, 7), (8, 1), (4, 7), (4, 13), (8, 5), (13, 5)]
sorted vertex sequence: [11, 3, 12, 5, 13, 4]
sorted vertex sequence: [1, 6, 2, 10, 5, 8]
sorted vertex sequence: [9, 2, 10, 5, 12, 3]
sorted vertex sequence: [1, 7, 4, 13, 5, 8]
ordered_edges: {frozenset({3, 4, 5, 11, 12, 13}): [(11, 3), (3, 12), (12, 5), (5, 13), (13, 4), (4, 11)], frozenset({1, 2, 5, 6, 8, 10}): [(1, 6), (6, 2), (2, 10), (10, 5), (5, 8), (8, 1)], frozenset({2, 3, 5, 9, 10, 12}): [(9, 2), (2, 10), (10, 5), (5, 12), (12, 3), (3, 9)], frozenset({1, 4, 5, 7, 8, 13}): [(1, 7), (7, 4), (4, 13), (13, 5), (5, 8), (8, 1)]}

cycle: frozenset({3, 4, 5, 11, 12, 13})
lenght of positions in function 0: 13
lenght of positions in function a: 13
ordered cycle closed in check: [11, 3, 12, 5, 13, 4, 11]
positions: {1: array([0.30901696, 0.95105655]), 2: array([-0.80901703,  0.58778523]), 3: array([-0.80901698, -0.58778531]), 4: array([ 0.30901706, -0.95105651]), 5: array([-3.81966010e-01, -1.48298063e-08]), 6: (-0.2500000391499012, 0.7694208860778542), 7: (0.309017006413307, 1.9758529701263683e-08), 8: (-0.03647452688027841, 0.47552826520750485), 9: (-0.8090170064133069, -3.937483383786855e-08), 10: (-0.5954915226289101, 0.293892606040543), 11: (-0.2499999608500987, -0.7694209056941583), 12: (-0.5954914941436841, -0.2938926602451831), 13: (-0.036474477065702005, -0.4755282602787814)}
ordered coordinates: [(-0.2499999608500987, -0.7694209056941583), array([-0.80901698, -0.58778531]), (-0.5954914941436841, -0.2938926602451831), array([-3.81966010e-01, -1.48298063e-08]), (-0.036474477065702005, -0.4755282602787814), array([ 0.30901706, -0.95105651]), (-0.2499999608500987, -0.7694209056941583)]
len(ordered coordinate): 7
lenght of positions in function b: 13
lenght of positions in function c: 13
remaining nodes: [1, 2, 6, 7, 8, 9, 10]
lenght of positions in function d: 13
nodes inside cycle: []
added face frozenset({3, 4, 5, 11, 12, 13}) to list

cycle: frozenset({1, 2, 5, 6, 8, 10})
lenght of positions in function 0: 13
lenght of positions in function a: 13
ordered cycle closed in check: [1, 6, 2, 10, 5, 8, 1]
positions: {1: array([0.30901696, 0.95105655]), 2: array([-0.80901703,  0.58778523]), 3: array([-0.80901698, -0.58778531]), 4: array([ 0.30901706, -0.95105651]), 5: array([-3.81966010e-01, -1.48298063e-08]), 6: (-0.2500000391499012, 0.7694208860778542), 7: (0.309017006413307, 1.9758529701263683e-08), 8: (-0.03647452688027841, 0.47552826520750485), 9: (-0.8090170064133069, -3.937483383786855e-08), 10: (-0.5954915226289101, 0.293892606040543), 11: (-0.2499999608500987, -0.7694209056941583), 12: (-0.5954914941436841, -0.2938926602451831), 13: (-0.036474477065702005, -0.4755282602787814)}
ordered coordinates: [array([0.30901696, 0.95105655]), (-0.2500000391499012, 0.7694208860778542), array([-0.80901703,  0.58778523]), (-0.5954915226289101, 0.293892606040543), array([-3.81966010e-01, -1.48298063e-08]), (-0.03647452688027841, 0.47552826520750485), array([0.30901696, 0.95105655])]
len(ordered coordinate): 7
lenght of positions in function b: 13
lenght of positions in function c: 13
remaining nodes: [3, 4, 7, 9, 11, 12, 13]
lenght of positions in function d: 13
nodes inside cycle: []
added face frozenset({1, 2, 5, 6, 8, 10}) to list

cycle: frozenset({2, 3, 5, 9, 10, 12})
lenght of positions in function 0: 13
lenght of positions in function a: 13
ordered cycle closed in check: [9, 2, 10, 5, 12, 3, 9]
positions: {1: array([0.30901696, 0.95105655]), 2: array([-0.80901703,  0.58778523]), 3: array([-0.80901698, -0.58778531]), 4: array([ 0.30901706, -0.95105651]), 5: array([-3.81966010e-01, -1.48298063e-08]), 6: (-0.2500000391499012, 0.7694208860778542), 7: (0.309017006413307, 1.9758529701263683e-08), 8: (-0.03647452688027841, 0.47552826520750485), 9: (-0.8090170064133069, -3.937483383786855e-08), 10: (-0.5954915226289101, 0.293892606040543), 11: (-0.2499999608500987, -0.7694209056941583), 12: (-0.5954914941436841, -0.2938926602451831), 13: (-0.036474477065702005, -0.4755282602787814)}
ordered coordinates: [(-0.8090170064133069, -3.937483383786855e-08), array([-0.80901703,  0.58778523]), (-0.5954915226289101, 0.293892606040543), array([-3.81966010e-01, -1.48298063e-08]), (-0.5954914941436841, -0.2938926602451831), array([-0.80901698, -0.58778531]), (-0.8090170064133069, -3.937483383786855e-08)]
len(ordered coordinate): 7
lenght of positions in function b: 13
lenght of positions in function c: 13
remaining nodes: [1, 4, 6, 7, 8, 11, 13]
lenght of positions in function d: 13
nodes inside cycle: []
added face frozenset({2, 3, 5, 9, 10, 12}) to list

cycle: frozenset({1, 4, 5, 7, 8, 13})
lenght of positions in function 0: 13
lenght of positions in function a: 13
ordered cycle closed in check: [1, 7, 4, 13, 5, 8, 1]
positions: {1: array([0.30901696, 0.95105655]), 2: array([-0.80901703,  0.58778523]), 3: array([-0.80901698, -0.58778531]), 4: array([ 0.30901706, -0.95105651]), 5: array([-3.81966010e-01, -1.48298063e-08]), 6: (-0.2500000391499012, 0.7694208860778542), 7: (0.309017006413307, 1.9758529701263683e-08), 8: (-0.03647452688027841, 0.47552826520750485), 9: (-0.8090170064133069, -3.937483383786855e-08), 10: (-0.5954915226289101, 0.293892606040543), 11: (-0.2499999608500987, -0.7694209056941583), 12: (-0.5954914941436841, -0.2938926602451831), 13: (-0.036474477065702005, -0.4755282602787814)}
ordered coordinates: [array([0.30901696, 0.95105655]), (0.309017006413307, 1.9758529701263683e-08), array([ 0.30901706, -0.95105651]), (-0.036474477065702005, -0.4755282602787814), array([-3.81966010e-01, -1.48298063e-08]), (-0.03647452688027841, 0.47552826520750485), array([0.30901696, 0.95105655])]
len(ordered coordinate): 7
lenght of positions in function b: 13
lenght of positions in function c: 13
remaining nodes: [2, 3, 6, 9, 10, 11, 12]
lenght of positions in function d: 13
nodes inside cycle: []
added face frozenset({1, 4, 5, 7, 8, 13}) to list
CYCLES:
frozenset({3, 4, 5, 11, 12, 13})
frozenset({2, 3, 5, 9, 10, 12})
frozenset({1, 4, 5, 7, 8, 13})
frozenset({1, 2, 5, 6, 8, 10})
frozenset({3, 4, 5, 11, 12, 13})
[frozenset({1, 6}), frozenset({1, 7}), frozenset({8, 1}), frozenset({2, 6}), frozenset({9, 2}), frozenset({2, 10}), frozenset({9, 3}), frozenset({11, 3}), frozenset({3, 12}), frozenset({4, 7}), frozenset({11, 4}), frozenset({4, 13}), frozenset({8, 5}), frozenset({10, 5}), frozenset({12, 5}), frozenset({13, 5})]
cycle frozenset({3, 4, 5, 11, 12, 13})'s edges: [frozenset({11, 3}), frozenset({3, 12}), frozenset({11, 4}), frozenset({4, 13}), frozenset({12, 5}), frozenset({13, 5})]
edges: [(11, 3), (3, 12), (11, 4), (4, 13), (12, 5), (13, 5)]
frozenset({2, 3, 5, 9, 10, 12})
[frozenset({1, 6}), frozenset({1, 7}), frozenset({8, 1}), frozenset({2, 6}), frozenset({9, 2}), frozenset({2, 10}), frozenset({9, 3}), frozenset({11, 3}), frozenset({3, 12}), frozenset({4, 7}), frozenset({11, 4}), frozenset({4, 13}), frozenset({8, 5}), frozenset({10, 5}), frozenset({12, 5}), frozenset({13, 5})]
cycle frozenset({2, 3, 5, 9, 10, 12})'s edges: [frozenset({9, 2}), frozenset({2, 10}), frozenset({9, 3}), frozenset({3, 12}), frozenset({10, 5}), frozenset({12, 5})]
edges: [(9, 2), (2, 10), (9, 3), (3, 12), (10, 5), (12, 5)]
frozenset({1, 4, 5, 7, 8, 13})
[frozenset({1, 6}), frozenset({1, 7}), frozenset({8, 1}), frozenset({2, 6}), frozenset({9, 2}), frozenset({2, 10}), frozenset({9, 3}), frozenset({11, 3}), frozenset({3, 12}), frozenset({4, 7}), frozenset({11, 4}), frozenset({4, 13}), frozenset({8, 5}), frozenset({10, 5}), frozenset({12, 5}), frozenset({13, 5})]
cycle frozenset({1, 4, 5, 7, 8, 13})'s edges: [frozenset({1, 7}), frozenset({8, 1}), frozenset({4, 7}), frozenset({4, 13}), frozenset({8, 5}), frozenset({13, 5})]
edges: [(1, 7), (8, 1), (4, 7), (4, 13), (8, 5), (13, 5)]
frozenset({1, 2, 5, 6, 8, 10})
[frozenset({1, 6}), frozenset({1, 7}), frozenset({8, 1}), frozenset({2, 6}), frozenset({9, 2}), frozenset({2, 10}), frozenset({9, 3}), frozenset({11, 3}), frozenset({3, 12}), frozenset({4, 7}), frozenset({11, 4}), frozenset({4, 13}), frozenset({8, 5}), frozenset({10, 5}), frozenset({12, 5}), frozenset({13, 5})]
cycle frozenset({1, 2, 5, 6, 8, 10})'s edges: [frozenset({1, 6}), frozenset({8, 1}), frozenset({2, 6}), frozenset({2, 10}), frozenset({8, 5}), frozenset({10, 5})]
edges: [(1, 6), (8, 1), (2, 6), (2, 10), (8, 5), (10, 5)]
sorted vertex sequence: [11, 3, 12, 5, 13, 4]
sorted vertex sequence: [9, 2, 10, 5, 12, 3]
sorted vertex sequence: [1, 7, 4, 13, 5, 8]
sorted vertex sequence: [1, 6, 2, 10, 5, 8]
EDGES:
frozenset({3, 4, 5, 11, 12, 13}) - [(11, 3), (3, 12), (12, 5), (5, 13), (13, 4), (4, 11)]
frozenset({2, 3, 5, 9, 10, 12}) - [(9, 2), (2, 10), (10, 5), (5, 12), (12, 3), (3, 9)]
frozenset({1, 4, 5, 7, 8, 13}) - [(1, 7), (7, 4), (4, 13), (13, 5), (5, 8), (8, 1)]
frozenset({1, 2, 5, 6, 8, 10}) - [(1, 6), (6, 2), (2, 10), (10, 5), (5, 8), (8, 1)]
NODES:
frozenset({3, 4, 5, 11, 12, 13}) - [11, 3, 12, 5, 13, 4]
frozenset({2, 3, 5, 9, 10, 12}) - [9, 2, 10, 5, 12, 3]
frozenset({1, 4, 5, 7, 8, 13}) - [1, 7, 4, 13, 5, 8]
frozenset({1, 2, 5, 6, 8, 10}) - [1, 6, 2, 10, 5, 8]
ordered cycle vertices: [11, 3, 12, 5, 13, 4]
ordered filtered nodes: [3, 5, 4]
ordered cycle vertices: [9, 2, 10, 5, 12, 3]
ordered filtered nodes: [2, 5, 3]
ordered cycle vertices: [1, 7, 4, 13, 5, 8]
ordered filtered nodes: [1, 4, 5]
ordered cycle vertices: [1, 6, 2, 10, 5, 8]
ordered filtered nodes: [1, 2, 5]
SORTED FACES:
[3, 5, 4]
[2, 5, 3]
[1, 4, 5]
[1, 2, 5]
FACES:
[3, 5, 4]
[2, 5, 3]
[1, 4, 5]
[1, 2, 5]
EDGES:
frozenset({3, 4, 5}) - [3, 5, 4]
frozenset({2, 3, 5}) - [2, 5, 3]
frozenset({1, 4, 5}) - [1, 4, 5]
frozenset({1, 2, 5}) - [1, 2, 5]
NODES:
frozenset({3, 4, 5}) - [(3, 5), (5, 4), (4, 3)]
frozenset({2, 3, 5}) - [(2, 5), (5, 3), (3, 2)]
frozenset({1, 4, 5}) - [(1, 4), (4, 5), (5, 1)]
frozenset({1, 2, 5}) - [(1, 2), (2, 5), (5, 1)]

 connected nodes:

INNER CELLS:
frozenset({1, 2, 5})
frozenset({2, 3, 5})
frozenset({1, 4, 5})
frozenset({3, 4, 5})
ordered cell vertices:
cell: frozenset({3, 4, 5}) - [3, 5, 4]
cell: frozenset({2, 3, 5}) - [2, 5, 3]
cell: frozenset({1, 4, 5}) - [1, 4, 5]
cell: frozenset({1, 2, 5}) - [1, 2, 5]
ordered cell edges:
cell: frozenset({3, 4, 5}) - [(3, 5), (5, 4), (4, 3)]
cell: frozenset({2, 3, 5}) - [(2, 5), (5, 3), (3, 2)]
cell: frozenset({1, 4, 5}) - [(1, 4), (4, 5), (5, 1)]
cell: frozenset({1, 2, 5}) - [(1, 2), (2, 5), (5, 1)]
face edge map:
cell: frozenset({1, 2}) - {frozenset({1, 2})}
cell: frozenset({2, 5}) - {frozenset({2, 5})}
cell: frozenset({1, 5}) - {frozenset({1, 5})}
cell: frozenset({3, 5}) - {frozenset({3, 5})}
cell: frozenset({2, 3}) - {frozenset({2, 3})}
cell: frozenset({1, 4}) - {frozenset({1, 4})}
cell: frozenset({4, 5}) - {frozenset({4, 5})}
cell: frozenset({3, 4}) - {frozenset({3, 4})}
actual cells: set()

inner_cells_incidence
{}
cell_edge_list:
{frozenset({3, 4, 5}): {frozenset({4, 5}), frozenset({3, 4}), frozenset({3, 5})}, frozenset({2, 3, 5}): {frozenset({2, 3}), frozenset({2, 5}), frozenset({3, 5})}, frozenset({1, 4, 5}): {frozenset({4, 5}), frozenset({1, 4}), frozenset({1, 5})}, frozenset({1, 2, 5}): {frozenset({1, 5}), frozenset({2, 5}), frozenset({1, 2})}}

Edge List:
frozenset({3, 4, 5}) - {frozenset({4, 5}), frozenset({3, 4}), frozenset({3, 5})}
frozenset({2, 3, 5}) - {frozenset({2, 3}), frozenset({2, 5}), frozenset({3, 5})}
frozenset({1, 4, 5}) - {frozenset({4, 5}), frozenset({1, 4}), frozenset({1, 5})}
frozenset({1, 2, 5}) - {frozenset({1, 5}), frozenset({2, 5}), frozenset({1, 2})}

Incidence:

POST MERGE --------------------------------------------------------------------------

Edge List:
frozenset({3, 4, 5}) - {frozenset({4, 5}), frozenset({3, 4}), frozenset({3, 5})}
frozenset({2, 3, 5}) - {frozenset({2, 3}), frozenset({2, 5}), frozenset({3, 5})}
frozenset({1, 4, 5}) - {frozenset({4, 5}), frozenset({1, 4}), frozenset({1, 5})}
frozenset({1, 2, 5}) - {frozenset({1, 5}), frozenset({2, 5}), frozenset({1, 2})}

Edge List:
frozenset({3, 4, 5}) - {frozenset({4, 5}), frozenset({3, 4}), frozenset({3, 5})}
frozenset({2, 3, 5}) - {frozenset({2, 3}), frozenset({2, 5}), frozenset({3, 5})}
frozenset({1, 4, 5}) - {frozenset({4, 5}), frozenset({1, 4}), frozenset({1, 5})}
frozenset({1, 2, 5}) - {frozenset({1, 5}), frozenset({2, 5}), frozenset({1, 2})}

Cells:
ordered_cell_edges:
{}
sight_cells: set()
ordered edges:
frozenset({1, 2, 5}) - [(1, 2), (2, 5), (5, 1)]
frozenset({2, 3, 5}) - [(2, 5), (5, 3), (3, 2)]
frozenset({1, 4, 5}) - [(1, 4), (4, 5), (5, 1)]
frozenset({3, 4, 5}) - [(3, 5), (5, 4), (4, 3)]

edge map:
frozenset({1, 2}) - {frozenset({1, 2})}
frozenset({2, 5}) - {frozenset({2, 5})}
frozenset({1, 5}) - {frozenset({1, 5})}
frozenset({3, 5}) - {frozenset({3, 5})}
frozenset({2, 3}) - {frozenset({2, 3})}
frozenset({1, 4}) - {frozenset({1, 4})}
frozenset({4, 5}) - {frozenset({4, 5})}
frozenset({3, 4}) - {frozenset({3, 4})}

vertex map:
ordered face edges:
cell: frozenset({3, 4, 5}) - [(3, 5), (5, 4), (4, 3)]
cell: frozenset({2, 3, 5}) - [(2, 5), (5, 3), (3, 2)]
cell: frozenset({1, 4, 5}) - [(1, 4), (4, 5), (5, 1)]
cell: frozenset({1, 2, 5}) - [(1, 2), (2, 5), (5, 1)]
ordered cell edges:
ordered cell edges:
cell: frozenset({1, 2, 5}) - [(1, 2), (2, 5), (5, 1)]
cell: frozenset({2, 3, 5}) - [(2, 5), (5, 3), (3, 2)]
cell: frozenset({1, 4, 5}) - [(1, 4), (4, 5), (5, 1)]
cell: frozenset({3, 4, 5}) - [(3, 5), (5, 4), (4, 3)]
Empty DataFrame
Columns: [type, outer, identifier, incidence]
Index: []
   type  outer identifier incidence
0  face  False  (1, 2, 5)    (1, 2)
1  face  False  (2, 3, 5)    (2, 3)
2  face  False  (1, 4, 5)    (1, 4)
3  face  False  (3, 4, 5)    (3, 4)

inner_incidence_table:
   type  outer identifier incidence
0  face    0.0  (1, 2, 5)    (1, 2)
1  face    0.0  (2, 3, 5)    (2, 3)
2  face    0.0  (1, 4, 5)    (1, 4)
3  face    0.0  (3, 4, 5)    (3, 4)

face edge map:
{frozenset({1, 2}): {frozenset({1, 2})}, frozenset({2, 5}): {frozenset({2, 5})}, frozenset({1, 5}): {frozenset({1, 5})}, frozenset({3, 5}): {frozenset({3, 5})}, frozenset({2, 3}): {frozenset({2, 3})}, frozenset({1, 4}): {frozenset({1, 4})}, frozenset({4, 5}): {frozenset({4, 5})}, frozenset({3, 4}): {frozenset({3, 4})}}

connected_vertex_map:
{}
POSITIONS:
1 - [0.30901696 0.95105655]
2 - [-0.80901703  0.58778523]
3 - [-0.80901698 -0.58778531]
4 - [ 0.30901706 -0.95105651]
5 - [-3.81966010e-01 -1.48298063e-08]
INCIDENCES
   type  outer identifier incidence
0  face    0.0  (1, 2, 5)    (1, 2)
1  face    0.0  (2, 3, 5)    (2, 3)
2  face    0.0  (1, 4, 5)    (1, 4)
3  face    0.0  (3, 4, 5)    (3, 4)
